<?xml version="1.0" encoding="UTF-8"?>
<testsuite xmlns:xsi="http://www.w3.org/2001/XMLSchema-instance" xsi:noNamespaceSchemaLocation="https://maven.apache.org/surefire/maven-surefire-plugin/xsd/surefire-test-report.xsd" name="edu.udacity.java.nano.test.WebSocketChatServerTest" time="31.415" tests="4" errors="0" skipped="0" failures="0">
  <properties>
    <property name="sun.desktop" value="windows"/>
    <property name="awt.toolkit" value="sun.awt.windows.WToolkit"/>
    <property name="java.specification.version" value="11"/>
    <property name="sun.cpu.isalist" value="amd64"/>
    <property name="sun.jnu.encoding" value="Cp1252"/>
    <property name="java.class.path" value="C:\Users\jahopper\Documents\ud282-master\udacity-chatroom-java-master\target\test-classes;C:\Users\jahopper\Documents\ud282-master\udacity-chatroom-java-master\target\classes;C:\Users\jahopper\.m2\repository\org\springframework\boot\spring-boot-starter-web\2.0.4.RELEASE\spring-boot-starter-web-2.0.4.RELEASE.jar;C:\Users\jahopper\.m2\repository\org\springframework\boot\spring-boot-starter\2.0.4.RELEASE\spring-boot-starter-2.0.4.RELEASE.jar;C:\Users\jahopper\.m2\repository\org\springframework\boot\spring-boot-starter-logging\2.0.4.RELEASE\spring-boot-starter-logging-2.0.4.RELEASE.jar;C:\Users\jahopper\.m2\repository\ch\qos\logback\logback-classic\1.2.3\logback-classic-1.2.3.jar;C:\Users\jahopper\.m2\repository\ch\qos\logback\logback-core\1.2.3\logback-core-1.2.3.jar;C:\Users\jahopper\.m2\repository\org\apache\logging\log4j\log4j-to-slf4j\2.10.0\log4j-to-slf4j-2.10.0.jar;C:\Users\jahopper\.m2\repository\org\apache\logging\log4j\log4j-api\2.10.0\log4j-api-2.10.0.jar;C:\Users\jahopper\.m2\repository\org\slf4j\jul-to-slf4j\1.7.25\jul-to-slf4j-1.7.25.jar;C:\Users\jahopper\.m2\repository\javax\annotation\javax.annotation-api\1.3.2\javax.annotation-api-1.3.2.jar;C:\Users\jahopper\.m2\repository\org\yaml\snakeyaml\1.19\snakeyaml-1.19.jar;C:\Users\jahopper\.m2\repository\org\springframework\boot\spring-boot-starter-json\2.0.4.RELEASE\spring-boot-starter-json-2.0.4.RELEASE.jar;C:\Users\jahopper\.m2\repository\com\fasterxml\jackson\core\jackson-databind\2.9.6\jackson-databind-2.9.6.jar;C:\Users\jahopper\.m2\repository\com\fasterxml\jackson\core\jackson-annotations\2.9.0\jackson-annotations-2.9.0.jar;C:\Users\jahopper\.m2\repository\com\fasterxml\jackson\datatype\jackson-datatype-jdk8\2.9.6\jackson-datatype-jdk8-2.9.6.jar;C:\Users\jahopper\.m2\repository\com\fasterxml\jackson\datatype\jackson-datatype-jsr310\2.9.6\jackson-datatype-jsr310-2.9.6.jar;C:\Users\jahopper\.m2\repository\com\fasterxml\jackson\module\jackson-module-parameter-names\2.9.6\jackson-module-parameter-names-2.9.6.jar;C:\Users\jahopper\.m2\repository\org\springframework\boot\spring-boot-starter-tomcat\2.0.4.RELEASE\spring-boot-starter-tomcat-2.0.4.RELEASE.jar;C:\Users\jahopper\.m2\repository\org\apache\tomcat\embed\tomcat-embed-core\8.5.32\tomcat-embed-core-8.5.32.jar;C:\Users\jahopper\.m2\repository\org\apache\tomcat\embed\tomcat-embed-el\8.5.32\tomcat-embed-el-8.5.32.jar;C:\Users\jahopper\.m2\repository\org\apache\tomcat\embed\tomcat-embed-websocket\8.5.32\tomcat-embed-websocket-8.5.32.jar;C:\Users\jahopper\.m2\repository\org\hibernate\validator\hibernate-validator\6.0.11.Final\hibernate-validator-6.0.11.Final.jar;C:\Users\jahopper\.m2\repository\javax\validation\validation-api\2.0.1.Final\validation-api-2.0.1.Final.jar;C:\Users\jahopper\.m2\repository\org\jboss\logging\jboss-logging\3.3.2.Final\jboss-logging-3.3.2.Final.jar;C:\Users\jahopper\.m2\repository\com\fasterxml\classmate\1.3.4\classmate-1.3.4.jar;C:\Users\jahopper\.m2\repository\org\openjfx\javafx.base\11.0.0-SNAPSHOT\javafx.base-11.0.0-SNAPSHOT.jar;C:\Users\jahopper\.m2\repository\org\openjfx\javafx.base\11.0.0-SNAPSHOT\javafx.base-11.0.0-SNAPSHOT-linux.jar;C:\Users\jahopper\.m2\repository\org\openjfx\javafx.base\11.0.0-SNAPSHOT\javafx.base-11.0.0-SNAPSHOT-mac.jar;C:\Users\jahopper\.m2\repository\org\openjfx\javafx.base\11.0.0-SNAPSHOT\javafx.base-11.0.0-SNAPSHOT-win.jar;C:\Users\jahopper\.m2\repository\org\springframework\spring-web\5.0.8.RELEASE\spring-web-5.0.8.RELEASE.jar;C:\Users\jahopper\.m2\repository\org\springframework\spring-beans\5.0.8.RELEASE\spring-beans-5.0.8.RELEASE.jar;C:\Users\jahopper\.m2\repository\org\springframework\spring-webmvc\5.0.8.RELEASE\spring-webmvc-5.0.8.RELEASE.jar;C:\Users\jahopper\.m2\repository\org\springframework\spring-aop\5.0.8.RELEASE\spring-aop-5.0.8.RELEASE.jar;C:\Users\jahopper\.m2\repository\org\springframework\spring-context\5.0.8.RELEASE\spring-context-5.0.8.RELEASE.jar;C:\Users\jahopper\.m2\repository\org\springframework\spring-expression\5.0.8.RELEASE\spring-expression-5.0.8.RELEASE.jar;C:\Users\jahopper\.m2\repository\org\springframework\boot\spring-boot-starter-websocket\2.0.4.RELEASE\spring-boot-starter-websocket-2.0.4.RELEASE.jar;C:\Users\jahopper\.m2\repository\org\springframework\spring-messaging\5.0.8.RELEASE\spring-messaging-5.0.8.RELEASE.jar;C:\Users\jahopper\.m2\repository\org\springframework\spring-websocket\5.0.8.RELEASE\spring-websocket-5.0.8.RELEASE.jar;C:\Users\jahopper\.m2\repository\org\springframework\boot\spring-boot-starter-thymeleaf\2.0.4.RELEASE\spring-boot-starter-thymeleaf-2.0.4.RELEASE.jar;C:\Users\jahopper\.m2\repository\org\thymeleaf\thymeleaf-spring5\3.0.9.RELEASE\thymeleaf-spring5-3.0.9.RELEASE.jar;C:\Users\jahopper\.m2\repository\org\thymeleaf\thymeleaf\3.0.9.RELEASE\thymeleaf-3.0.9.RELEASE.jar;C:\Users\jahopper\.m2\repository\org\attoparser\attoparser\2.0.4.RELEASE\attoparser-2.0.4.RELEASE.jar;C:\Users\jahopper\.m2\repository\org\unbescape\unbescape\1.1.5.RELEASE\unbescape-1.1.5.RELEASE.jar;C:\Users\jahopper\.m2\repository\org\thymeleaf\extras\thymeleaf-extras-java8time\3.0.1.RELEASE\thymeleaf-extras-java8time-3.0.1.RELEASE.jar;C:\Users\jahopper\.m2\repository\org\webjars\webjars-locator-core\0.35\webjars-locator-core-0.35.jar;C:\Users\jahopper\.m2\repository\org\slf4j\slf4j-api\1.7.25\slf4j-api-1.7.25.jar;C:\Users\jahopper\.m2\repository\org\apache\commons\commons-lang3\3.7\commons-lang3-3.7.jar;C:\Users\jahopper\.m2\repository\org\apache\commons\commons-compress\1.9\commons-compress-1.9.jar;C:\Users\jahopper\.m2\repository\com\fasterxml\jackson\core\jackson-core\2.9.6\jackson-core-2.9.6.jar;C:\Users\jahopper\.m2\repository\org\webjars\npm\mdui\0.4.0\mdui-0.4.0.jar;C:\Users\jahopper\.m2\repository\org\webjars\jquery\3.3.1\jquery-3.3.1.jar;C:\Users\jahopper\.m2\repository\org\springframework\boot\spring-boot-devtools\2.0.4.RELEASE\spring-boot-devtools-2.0.4.RELEASE.jar;C:\Users\jahopper\.m2\repository\org\springframework\boot\spring-boot\2.0.4.RELEASE\spring-boot-2.0.4.RELEASE.jar;C:\Users\jahopper\.m2\repository\org\springframework\boot\spring-boot-autoconfigure\2.0.4.RELEASE\spring-boot-autoconfigure-2.0.4.RELEASE.jar;C:\Users\jahopper\.m2\repository\com\alibaba\fastjson\1.2.49\fastjson-1.2.49.jar;C:\Users\jahopper\.m2\repository\org\springframework\boot\spring-boot-starter-test\2.0.4.RELEASE\spring-boot-starter-test-2.0.4.RELEASE.jar;C:\Users\jahopper\.m2\repository\org\springframework\boot\spring-boot-test\2.0.4.RELEASE\spring-boot-test-2.0.4.RELEASE.jar;C:\Users\jahopper\.m2\repository\com\jayway\jsonpath\json-path\2.4.0\json-path-2.4.0.jar;C:\Users\jahopper\.m2\repository\net\minidev\json-smart\2.3\json-smart-2.3.jar;C:\Users\jahopper\.m2\repository\net\minidev\accessors-smart\1.2\accessors-smart-1.2.jar;C:\Users\jahopper\.m2\repository\org\ow2\asm\asm\5.0.4\asm-5.0.4.jar;C:\Users\jahopper\.m2\repository\org\mockito\mockito-core\2.15.0\mockito-core-2.15.0.jar;C:\Users\jahopper\.m2\repository\net\bytebuddy\byte-buddy\1.7.11\byte-buddy-1.7.11.jar;C:\Users\jahopper\.m2\repository\net\bytebuddy\byte-buddy-agent\1.7.11\byte-buddy-agent-1.7.11.jar;C:\Users\jahopper\.m2\repository\org\objenesis\objenesis\2.6\objenesis-2.6.jar;C:\Users\jahopper\.m2\repository\org\hamcrest\hamcrest-core\1.3\hamcrest-core-1.3.jar;C:\Users\jahopper\.m2\repository\org\hamcrest\hamcrest-library\1.3\hamcrest-library-1.3.jar;C:\Users\jahopper\.m2\repository\org\skyscreamer\jsonassert\1.5.0\jsonassert-1.5.0.jar;C:\Users\jahopper\.m2\repository\com\vaadin\external\google\android-json\0.0.20131108.vaadin1\android-json-0.0.20131108.vaadin1.jar;C:\Users\jahopper\.m2\repository\org\springframework\spring-core\5.0.8.RELEASE\spring-core-5.0.8.RELEASE.jar;C:\Users\jahopper\.m2\repository\org\springframework\spring-jcl\5.0.8.RELEASE\spring-jcl-5.0.8.RELEASE.jar;C:\Users\jahopper\.m2\repository\org\xmlunit\xmlunit-core\2.5.1\xmlunit-core-2.5.1.jar;C:\Users\jahopper\.m2\repository\junit\junit\4.12\junit-4.12.jar;C:\Users\jahopper\.m2\repository\net\jsunit\jsunit-testRunner\2.1.4\jsunit-testRunner-2.1.4.jar;C:\Users\jahopper\.m2\repository\net\jsunit\jsunit\2.1.4\jsunit-2.1.4.jar;C:\Users\jahopper\.m2\repository\javax\servlet\servlet-api\2.3\servlet-api-2.3.jar;C:\Users\jahopper\.m2\repository\jdom\jdom\b9\jdom-b9.jar;C:\Users\jahopper\.m2\repository\xerces\xerces\2.0.1\xerces-2.0.1.jar;C:\Users\jahopper\.m2\repository\jetty\jetty\4.2.27\jetty-4.2.27.jar;C:\Users\jahopper\.m2\repository\jetty\start\4.2.27\start-4.2.27.jar;C:\Users\jahopper\.m2\repository\org\springframework\boot\spring-boot-test-autoconfigure\2.0.4.RELEASE\spring-boot-test-autoconfigure-2.0.4.RELEASE.jar;C:\Users\jahopper\.m2\repository\org\seleniumhq\selenium\htmlunit-driver\2.36.0\htmlunit-driver-2.36.0.jar;C:\Users\jahopper\.m2\repository\org\seleniumhq\selenium\selenium-api\3.9.1\selenium-api-3.9.1.jar;C:\Users\jahopper\.m2\repository\org\seleniumhq\selenium\selenium-support\3.9.1\selenium-support-3.9.1.jar;C:\Users\jahopper\.m2\repository\org\seleniumhq\selenium\selenium-remote-driver\3.9.1\selenium-remote-driver-3.9.1.jar;C:\Users\jahopper\.m2\repository\org\apache\commons\commons-exec\1.3\commons-exec-1.3.jar;C:\Users\jahopper\.m2\repository\commons-codec\commons-codec\1.11\commons-codec-1.11.jar;C:\Users\jahopper\.m2\repository\com\google\guava\guava\23.6-jre\guava-23.6-jre.jar;C:\Users\jahopper\.m2\repository\com\google\code\findbugs\jsr305\1.3.9\jsr305-1.3.9.jar;C:\Users\jahopper\.m2\repository\org\checkerframework\checker-compat-qual\2.0.0\checker-compat-qual-2.0.0.jar;C:\Users\jahopper\.m2\repository\com\google\errorprone\error_prone_annotations\2.1.3\error_prone_annotations-2.1.3.jar;C:\Users\jahopper\.m2\repository\com\google\j2objc\j2objc-annotations\1.1\j2objc-annotations-1.1.jar;C:\Users\jahopper\.m2\repository\org\codehaus\mojo\animal-sniffer-annotations\1.14\animal-sniffer-annotations-1.14.jar;C:\Users\jahopper\.m2\repository\org\apache\httpcomponents\httpcore\4.4.10\httpcore-4.4.10.jar;C:\Users\jahopper\.m2\repository\com\squareup\okhttp3\okhttp\3.9.1\okhttp-3.9.1.jar;C:\Users\jahopper\.m2\repository\com\squareup\okio\okio\1.13.0\okio-1.13.0.jar;C:\Users\jahopper\.m2\repository\net\sourceforge\htmlunit\htmlunit\2.29\htmlunit-2.29.jar;C:\Users\jahopper\.m2\repository\xalan\xalan\2.7.2\xalan-2.7.2.jar;C:\Users\jahopper\.m2\repository\xalan\serializer\2.7.2\serializer-2.7.2.jar;C:\Users\jahopper\.m2\repository\org\apache\commons\commons-text\1.2\commons-text-1.2.jar;C:\Users\jahopper\.m2\repository\org\apache\httpcomponents\httpmime\4.5.6\httpmime-4.5.6.jar;C:\Users\jahopper\.m2\repository\net\sourceforge\htmlunit\htmlunit-core-js\2.28\htmlunit-core-js-2.28.jar;C:\Users\jahopper\.m2\repository\net\sourceforge\htmlunit\neko-htmlunit\2.28\neko-htmlunit-2.28.jar;C:\Users\jahopper\.m2\repository\xerces\xercesImpl\2.11.0\xercesImpl-2.11.0.jar;C:\Users\jahopper\.m2\repository\xml-apis\xml-apis\1.4.01\xml-apis-1.4.01.jar;C:\Users\jahopper\.m2\repository\net\sourceforge\cssparser\cssparser\0.9.24\cssparser-0.9.24.jar;C:\Users\jahopper\.m2\repository\org\w3c\css\sac\1.3\sac-1.3.jar;C:\Users\jahopper\.m2\repository\commons-net\commons-net\3.6\commons-net-3.6.jar;C:\Users\jahopper\.m2\repository\org\eclipse\jetty\websocket\websocket-client\9.4.11.v20180605\websocket-client-9.4.11.v20180605.jar;C:\Users\jahopper\.m2\repository\org\eclipse\jetty\jetty-client\9.4.11.v20180605\jetty-client-9.4.11.v20180605.jar;C:\Users\jahopper\.m2\repository\org\eclipse\jetty\jetty-http\9.4.11.v20180605\jetty-http-9.4.11.v20180605.jar;C:\Users\jahopper\.m2\repository\org\eclipse\jetty\jetty-xml\9.4.11.v20180605\jetty-xml-9.4.11.v20180605.jar;C:\Users\jahopper\.m2\repository\org\eclipse\jetty\jetty-util\9.4.11.v20180605\jetty-util-9.4.11.v20180605.jar;C:\Users\jahopper\.m2\repository\org\eclipse\jetty\jetty-io\9.4.11.v20180605\jetty-io-9.4.11.v20180605.jar;C:\Users\jahopper\.m2\repository\org\eclipse\jetty\websocket\websocket-common\9.4.11.v20180605\websocket-common-9.4.11.v20180605.jar;C:\Users\jahopper\.m2\repository\org\eclipse\jetty\websocket\websocket-api\9.4.11.v20180605\websocket-api-9.4.11.v20180605.jar;C:\Users\jahopper\.m2\repository\io\github\bonigarcia\webdrivermanager\3.3.0\webdrivermanager-3.3.0.jar;C:\Users\jahopper\.m2\repository\commons-io\commons-io\2.6\commons-io-2.6.jar;C:\Users\jahopper\.m2\repository\com\google\code\gson\gson\2.8.5\gson-2.8.5.jar;C:\Users\jahopper\.m2\repository\org\apache\httpcomponents\httpclient\4.5.6\httpclient-4.5.6.jar;C:\Users\jahopper\.m2\repository\org\rauschig\jarchivelib\1.0.0\jarchivelib-1.0.0.jar;C:\Users\jahopper\.m2\repository\org\jsoup\jsoup\1.11.3\jsoup-1.11.3.jar;C:\Users\jahopper\.m2\repository\org\seleniumhq\selenium\selenium-java\2.45.0\selenium-java-2.45.0.jar;C:\Users\jahopper\.m2\repository\org\seleniumhq\selenium\selenium-chrome-driver\3.9.1\selenium-chrome-driver-3.9.1.jar;C:\Users\jahopper\.m2\repository\commons-logging\commons-logging\1.2\commons-logging-1.2.jar;C:\Users\jahopper\.m2\repository\org\seleniumhq\selenium\selenium-htmlunit-driver\2.45.0\selenium-htmlunit-driver-2.45.0.jar;C:\Users\jahopper\.m2\repository\org\seleniumhq\selenium\selenium-firefox-driver\3.9.1\selenium-firefox-driver-3.9.1.jar;C:\Users\jahopper\.m2\repository\org\seleniumhq\selenium\selenium-ie-driver\3.9.1\selenium-ie-driver-3.9.1.jar;C:\Users\jahopper\.m2\repository\org\seleniumhq\selenium\selenium-safari-driver\3.9.1\selenium-safari-driver-3.9.1.jar;C:\Users\jahopper\.m2\repository\org\webbitserver\webbit\0.4.14\webbit-0.4.14.jar;C:\Users\jahopper\.m2\repository\io\netty\netty\3.5.2.Final\netty-3.5.2.Final.jar;C:\Users\jahopper\.m2\repository\org\seleniumhq\selenium\selenium-leg-rc\2.45.0\selenium-leg-rc-2.45.0.jar;C:\Users\jahopper\.m2\repository\org\fluentlenium\fluentlenium-assertj\0.10.3\fluentlenium-assertj-0.10.3.jar;C:\Users\jahopper\.m2\repository\org\fluentlenium\fluentlenium-core\0.10.3\fluentlenium-core-0.10.3.jar;C:\Users\jahopper\.m2\repository\org\assertj\assertj-core\1.7.0\assertj-core-1.7.0.jar;C:\Users\jahopper\.m2\repository\org\springframework\spring-test\5.1.9.RELEASE\spring-test-5.1.9.RELEASE.jar;"/>
    <property name="java.vm.vendor" value="JetBrains s.r.o"/>
    <property name="sun.arch.data.model" value="64"/>
    <property name="user.variant" value=""/>
    <property name="java.vendor.url" value="https://www.jetbrains.com/"/>
    <property name="user.timezone" value=""/>
    <property name="java.vm.specification.version" value="11"/>
    <property name="os.name" value="Windows 10"/>
    <property name="sun.java.launcher" value="SUN_STANDARD"/>
    <property name="user.country" value="US"/>
    <property name="sun.boot.library.path" value="C:\Program Files\JetBrains\IntelliJ IDEA Community Edition 2019.2.3\jbr\bin"/>
    <property name="sun.java.command" value="C:\Users\jahopper\AppData\Local\Temp\surefire7268781653886562193\surefirebooter8170317338602136874.jar C:\Users\jahopper\AppData\Local\Temp\surefire7268781653886562193 2019-11-19T14-41-32_815-jvmRun1 surefire10698228279845840453tmp surefire_016899015679431789340tmp"/>
    <property name="jdk.debug" value="release"/>
    <property name="surefire.test.class.path" value="C:\Users\jahopper\Documents\ud282-master\udacity-chatroom-java-master\target\test-classes;C:\Users\jahopper\Documents\ud282-master\udacity-chatroom-java-master\target\classes;C:\Users\jahopper\.m2\repository\org\springframework\boot\spring-boot-starter-web\2.0.4.RELEASE\spring-boot-starter-web-2.0.4.RELEASE.jar;C:\Users\jahopper\.m2\repository\org\springframework\boot\spring-boot-starter\2.0.4.RELEASE\spring-boot-starter-2.0.4.RELEASE.jar;C:\Users\jahopper\.m2\repository\org\springframework\boot\spring-boot-starter-logging\2.0.4.RELEASE\spring-boot-starter-logging-2.0.4.RELEASE.jar;C:\Users\jahopper\.m2\repository\ch\qos\logback\logback-classic\1.2.3\logback-classic-1.2.3.jar;C:\Users\jahopper\.m2\repository\ch\qos\logback\logback-core\1.2.3\logback-core-1.2.3.jar;C:\Users\jahopper\.m2\repository\org\apache\logging\log4j\log4j-to-slf4j\2.10.0\log4j-to-slf4j-2.10.0.jar;C:\Users\jahopper\.m2\repository\org\apache\logging\log4j\log4j-api\2.10.0\log4j-api-2.10.0.jar;C:\Users\jahopper\.m2\repository\org\slf4j\jul-to-slf4j\1.7.25\jul-to-slf4j-1.7.25.jar;C:\Users\jahopper\.m2\repository\javax\annotation\javax.annotation-api\1.3.2\javax.annotation-api-1.3.2.jar;C:\Users\jahopper\.m2\repository\org\yaml\snakeyaml\1.19\snakeyaml-1.19.jar;C:\Users\jahopper\.m2\repository\org\springframework\boot\spring-boot-starter-json\2.0.4.RELEASE\spring-boot-starter-json-2.0.4.RELEASE.jar;C:\Users\jahopper\.m2\repository\com\fasterxml\jackson\core\jackson-databind\2.9.6\jackson-databind-2.9.6.jar;C:\Users\jahopper\.m2\repository\com\fasterxml\jackson\core\jackson-annotations\2.9.0\jackson-annotations-2.9.0.jar;C:\Users\jahopper\.m2\repository\com\fasterxml\jackson\datatype\jackson-datatype-jdk8\2.9.6\jackson-datatype-jdk8-2.9.6.jar;C:\Users\jahopper\.m2\repository\com\fasterxml\jackson\datatype\jackson-datatype-jsr310\2.9.6\jackson-datatype-jsr310-2.9.6.jar;C:\Users\jahopper\.m2\repository\com\fasterxml\jackson\module\jackson-module-parameter-names\2.9.6\jackson-module-parameter-names-2.9.6.jar;C:\Users\jahopper\.m2\repository\org\springframework\boot\spring-boot-starter-tomcat\2.0.4.RELEASE\spring-boot-starter-tomcat-2.0.4.RELEASE.jar;C:\Users\jahopper\.m2\repository\org\apache\tomcat\embed\tomcat-embed-core\8.5.32\tomcat-embed-core-8.5.32.jar;C:\Users\jahopper\.m2\repository\org\apache\tomcat\embed\tomcat-embed-el\8.5.32\tomcat-embed-el-8.5.32.jar;C:\Users\jahopper\.m2\repository\org\apache\tomcat\embed\tomcat-embed-websocket\8.5.32\tomcat-embed-websocket-8.5.32.jar;C:\Users\jahopper\.m2\repository\org\hibernate\validator\hibernate-validator\6.0.11.Final\hibernate-validator-6.0.11.Final.jar;C:\Users\jahopper\.m2\repository\javax\validation\validation-api\2.0.1.Final\validation-api-2.0.1.Final.jar;C:\Users\jahopper\.m2\repository\org\jboss\logging\jboss-logging\3.3.2.Final\jboss-logging-3.3.2.Final.jar;C:\Users\jahopper\.m2\repository\com\fasterxml\classmate\1.3.4\classmate-1.3.4.jar;C:\Users\jahopper\.m2\repository\org\openjfx\javafx.base\11.0.0-SNAPSHOT\javafx.base-11.0.0-SNAPSHOT.jar;C:\Users\jahopper\.m2\repository\org\openjfx\javafx.base\11.0.0-SNAPSHOT\javafx.base-11.0.0-SNAPSHOT-linux.jar;C:\Users\jahopper\.m2\repository\org\openjfx\javafx.base\11.0.0-SNAPSHOT\javafx.base-11.0.0-SNAPSHOT-mac.jar;C:\Users\jahopper\.m2\repository\org\openjfx\javafx.base\11.0.0-SNAPSHOT\javafx.base-11.0.0-SNAPSHOT-win.jar;C:\Users\jahopper\.m2\repository\org\springframework\spring-web\5.0.8.RELEASE\spring-web-5.0.8.RELEASE.jar;C:\Users\jahopper\.m2\repository\org\springframework\spring-beans\5.0.8.RELEASE\spring-beans-5.0.8.RELEASE.jar;C:\Users\jahopper\.m2\repository\org\springframework\spring-webmvc\5.0.8.RELEASE\spring-webmvc-5.0.8.RELEASE.jar;C:\Users\jahopper\.m2\repository\org\springframework\spring-aop\5.0.8.RELEASE\spring-aop-5.0.8.RELEASE.jar;C:\Users\jahopper\.m2\repository\org\springframework\spring-context\5.0.8.RELEASE\spring-context-5.0.8.RELEASE.jar;C:\Users\jahopper\.m2\repository\org\springframework\spring-expression\5.0.8.RELEASE\spring-expression-5.0.8.RELEASE.jar;C:\Users\jahopper\.m2\repository\org\springframework\boot\spring-boot-starter-websocket\2.0.4.RELEASE\spring-boot-starter-websocket-2.0.4.RELEASE.jar;C:\Users\jahopper\.m2\repository\org\springframework\spring-messaging\5.0.8.RELEASE\spring-messaging-5.0.8.RELEASE.jar;C:\Users\jahopper\.m2\repository\org\springframework\spring-websocket\5.0.8.RELEASE\spring-websocket-5.0.8.RELEASE.jar;C:\Users\jahopper\.m2\repository\org\springframework\boot\spring-boot-starter-thymeleaf\2.0.4.RELEASE\spring-boot-starter-thymeleaf-2.0.4.RELEASE.jar;C:\Users\jahopper\.m2\repository\org\thymeleaf\thymeleaf-spring5\3.0.9.RELEASE\thymeleaf-spring5-3.0.9.RELEASE.jar;C:\Users\jahopper\.m2\repository\org\thymeleaf\thymeleaf\3.0.9.RELEASE\thymeleaf-3.0.9.RELEASE.jar;C:\Users\jahopper\.m2\repository\org\attoparser\attoparser\2.0.4.RELEASE\attoparser-2.0.4.RELEASE.jar;C:\Users\jahopper\.m2\repository\org\unbescape\unbescape\1.1.5.RELEASE\unbescape-1.1.5.RELEASE.jar;C:\Users\jahopper\.m2\repository\org\thymeleaf\extras\thymeleaf-extras-java8time\3.0.1.RELEASE\thymeleaf-extras-java8time-3.0.1.RELEASE.jar;C:\Users\jahopper\.m2\repository\org\webjars\webjars-locator-core\0.35\webjars-locator-core-0.35.jar;C:\Users\jahopper\.m2\repository\org\slf4j\slf4j-api\1.7.25\slf4j-api-1.7.25.jar;C:\Users\jahopper\.m2\repository\org\apache\commons\commons-lang3\3.7\commons-lang3-3.7.jar;C:\Users\jahopper\.m2\repository\org\apache\commons\commons-compress\1.9\commons-compress-1.9.jar;C:\Users\jahopper\.m2\repository\com\fasterxml\jackson\core\jackson-core\2.9.6\jackson-core-2.9.6.jar;C:\Users\jahopper\.m2\repository\org\webjars\npm\mdui\0.4.0\mdui-0.4.0.jar;C:\Users\jahopper\.m2\repository\org\webjars\jquery\3.3.1\jquery-3.3.1.jar;C:\Users\jahopper\.m2\repository\org\springframework\boot\spring-boot-devtools\2.0.4.RELEASE\spring-boot-devtools-2.0.4.RELEASE.jar;C:\Users\jahopper\.m2\repository\org\springframework\boot\spring-boot\2.0.4.RELEASE\spring-boot-2.0.4.RELEASE.jar;C:\Users\jahopper\.m2\repository\org\springframework\boot\spring-boot-autoconfigure\2.0.4.RELEASE\spring-boot-autoconfigure-2.0.4.RELEASE.jar;C:\Users\jahopper\.m2\repository\com\alibaba\fastjson\1.2.49\fastjson-1.2.49.jar;C:\Users\jahopper\.m2\repository\org\springframework\boot\spring-boot-starter-test\2.0.4.RELEASE\spring-boot-starter-test-2.0.4.RELEASE.jar;C:\Users\jahopper\.m2\repository\org\springframework\boot\spring-boot-test\2.0.4.RELEASE\spring-boot-test-2.0.4.RELEASE.jar;C:\Users\jahopper\.m2\repository\com\jayway\jsonpath\json-path\2.4.0\json-path-2.4.0.jar;C:\Users\jahopper\.m2\repository\net\minidev\json-smart\2.3\json-smart-2.3.jar;C:\Users\jahopper\.m2\repository\net\minidev\accessors-smart\1.2\accessors-smart-1.2.jar;C:\Users\jahopper\.m2\repository\org\ow2\asm\asm\5.0.4\asm-5.0.4.jar;C:\Users\jahopper\.m2\repository\org\mockito\mockito-core\2.15.0\mockito-core-2.15.0.jar;C:\Users\jahopper\.m2\repository\net\bytebuddy\byte-buddy\1.7.11\byte-buddy-1.7.11.jar;C:\Users\jahopper\.m2\repository\net\bytebuddy\byte-buddy-agent\1.7.11\byte-buddy-agent-1.7.11.jar;C:\Users\jahopper\.m2\repository\org\objenesis\objenesis\2.6\objenesis-2.6.jar;C:\Users\jahopper\.m2\repository\org\hamcrest\hamcrest-core\1.3\hamcrest-core-1.3.jar;C:\Users\jahopper\.m2\repository\org\hamcrest\hamcrest-library\1.3\hamcrest-library-1.3.jar;C:\Users\jahopper\.m2\repository\org\skyscreamer\jsonassert\1.5.0\jsonassert-1.5.0.jar;C:\Users\jahopper\.m2\repository\com\vaadin\external\google\android-json\0.0.20131108.vaadin1\android-json-0.0.20131108.vaadin1.jar;C:\Users\jahopper\.m2\repository\org\springframework\spring-core\5.0.8.RELEASE\spring-core-5.0.8.RELEASE.jar;C:\Users\jahopper\.m2\repository\org\springframework\spring-jcl\5.0.8.RELEASE\spring-jcl-5.0.8.RELEASE.jar;C:\Users\jahopper\.m2\repository\org\xmlunit\xmlunit-core\2.5.1\xmlunit-core-2.5.1.jar;C:\Users\jahopper\.m2\repository\junit\junit\4.12\junit-4.12.jar;C:\Users\jahopper\.m2\repository\net\jsunit\jsunit-testRunner\2.1.4\jsunit-testRunner-2.1.4.jar;C:\Users\jahopper\.m2\repository\net\jsunit\jsunit\2.1.4\jsunit-2.1.4.jar;C:\Users\jahopper\.m2\repository\javax\servlet\servlet-api\2.3\servlet-api-2.3.jar;C:\Users\jahopper\.m2\repository\jdom\jdom\b9\jdom-b9.jar;C:\Users\jahopper\.m2\repository\xerces\xerces\2.0.1\xerces-2.0.1.jar;C:\Users\jahopper\.m2\repository\jetty\jetty\4.2.27\jetty-4.2.27.jar;C:\Users\jahopper\.m2\repository\jetty\start\4.2.27\start-4.2.27.jar;C:\Users\jahopper\.m2\repository\org\springframework\boot\spring-boot-test-autoconfigure\2.0.4.RELEASE\spring-boot-test-autoconfigure-2.0.4.RELEASE.jar;C:\Users\jahopper\.m2\repository\org\seleniumhq\selenium\htmlunit-driver\2.36.0\htmlunit-driver-2.36.0.jar;C:\Users\jahopper\.m2\repository\org\seleniumhq\selenium\selenium-api\3.9.1\selenium-api-3.9.1.jar;C:\Users\jahopper\.m2\repository\org\seleniumhq\selenium\selenium-support\3.9.1\selenium-support-3.9.1.jar;C:\Users\jahopper\.m2\repository\org\seleniumhq\selenium\selenium-remote-driver\3.9.1\selenium-remote-driver-3.9.1.jar;C:\Users\jahopper\.m2\repository\org\apache\commons\commons-exec\1.3\commons-exec-1.3.jar;C:\Users\jahopper\.m2\repository\commons-codec\commons-codec\1.11\commons-codec-1.11.jar;C:\Users\jahopper\.m2\repository\com\google\guava\guava\23.6-jre\guava-23.6-jre.jar;C:\Users\jahopper\.m2\repository\com\google\code\findbugs\jsr305\1.3.9\jsr305-1.3.9.jar;C:\Users\jahopper\.m2\repository\org\checkerframework\checker-compat-qual\2.0.0\checker-compat-qual-2.0.0.jar;C:\Users\jahopper\.m2\repository\com\google\errorprone\error_prone_annotations\2.1.3\error_prone_annotations-2.1.3.jar;C:\Users\jahopper\.m2\repository\com\google\j2objc\j2objc-annotations\1.1\j2objc-annotations-1.1.jar;C:\Users\jahopper\.m2\repository\org\codehaus\mojo\animal-sniffer-annotations\1.14\animal-sniffer-annotations-1.14.jar;C:\Users\jahopper\.m2\repository\org\apache\httpcomponents\httpcore\4.4.10\httpcore-4.4.10.jar;C:\Users\jahopper\.m2\repository\com\squareup\okhttp3\okhttp\3.9.1\okhttp-3.9.1.jar;C:\Users\jahopper\.m2\repository\com\squareup\okio\okio\1.13.0\okio-1.13.0.jar;C:\Users\jahopper\.m2\repository\net\sourceforge\htmlunit\htmlunit\2.29\htmlunit-2.29.jar;C:\Users\jahopper\.m2\repository\xalan\xalan\2.7.2\xalan-2.7.2.jar;C:\Users\jahopper\.m2\repository\xalan\serializer\2.7.2\serializer-2.7.2.jar;C:\Users\jahopper\.m2\repository\org\apache\commons\commons-text\1.2\commons-text-1.2.jar;C:\Users\jahopper\.m2\repository\org\apache\httpcomponents\httpmime\4.5.6\httpmime-4.5.6.jar;C:\Users\jahopper\.m2\repository\net\sourceforge\htmlunit\htmlunit-core-js\2.28\htmlunit-core-js-2.28.jar;C:\Users\jahopper\.m2\repository\net\sourceforge\htmlunit\neko-htmlunit\2.28\neko-htmlunit-2.28.jar;C:\Users\jahopper\.m2\repository\xerces\xercesImpl\2.11.0\xercesImpl-2.11.0.jar;C:\Users\jahopper\.m2\repository\xml-apis\xml-apis\1.4.01\xml-apis-1.4.01.jar;C:\Users\jahopper\.m2\repository\net\sourceforge\cssparser\cssparser\0.9.24\cssparser-0.9.24.jar;C:\Users\jahopper\.m2\repository\org\w3c\css\sac\1.3\sac-1.3.jar;C:\Users\jahopper\.m2\repository\commons-net\commons-net\3.6\commons-net-3.6.jar;C:\Users\jahopper\.m2\repository\org\eclipse\jetty\websocket\websocket-client\9.4.11.v20180605\websocket-client-9.4.11.v20180605.jar;C:\Users\jahopper\.m2\repository\org\eclipse\jetty\jetty-client\9.4.11.v20180605\jetty-client-9.4.11.v20180605.jar;C:\Users\jahopper\.m2\repository\org\eclipse\jetty\jetty-http\9.4.11.v20180605\jetty-http-9.4.11.v20180605.jar;C:\Users\jahopper\.m2\repository\org\eclipse\jetty\jetty-xml\9.4.11.v20180605\jetty-xml-9.4.11.v20180605.jar;C:\Users\jahopper\.m2\repository\org\eclipse\jetty\jetty-util\9.4.11.v20180605\jetty-util-9.4.11.v20180605.jar;C:\Users\jahopper\.m2\repository\org\eclipse\jetty\jetty-io\9.4.11.v20180605\jetty-io-9.4.11.v20180605.jar;C:\Users\jahopper\.m2\repository\org\eclipse\jetty\websocket\websocket-common\9.4.11.v20180605\websocket-common-9.4.11.v20180605.jar;C:\Users\jahopper\.m2\repository\org\eclipse\jetty\websocket\websocket-api\9.4.11.v20180605\websocket-api-9.4.11.v20180605.jar;C:\Users\jahopper\.m2\repository\io\github\bonigarcia\webdrivermanager\3.3.0\webdrivermanager-3.3.0.jar;C:\Users\jahopper\.m2\repository\commons-io\commons-io\2.6\commons-io-2.6.jar;C:\Users\jahopper\.m2\repository\com\google\code\gson\gson\2.8.5\gson-2.8.5.jar;C:\Users\jahopper\.m2\repository\org\apache\httpcomponents\httpclient\4.5.6\httpclient-4.5.6.jar;C:\Users\jahopper\.m2\repository\org\rauschig\jarchivelib\1.0.0\jarchivelib-1.0.0.jar;C:\Users\jahopper\.m2\repository\org\jsoup\jsoup\1.11.3\jsoup-1.11.3.jar;C:\Users\jahopper\.m2\repository\org\seleniumhq\selenium\selenium-java\2.45.0\selenium-java-2.45.0.jar;C:\Users\jahopper\.m2\repository\org\seleniumhq\selenium\selenium-chrome-driver\3.9.1\selenium-chrome-driver-3.9.1.jar;C:\Users\jahopper\.m2\repository\commons-logging\commons-logging\1.2\commons-logging-1.2.jar;C:\Users\jahopper\.m2\repository\org\seleniumhq\selenium\selenium-htmlunit-driver\2.45.0\selenium-htmlunit-driver-2.45.0.jar;C:\Users\jahopper\.m2\repository\org\seleniumhq\selenium\selenium-firefox-driver\3.9.1\selenium-firefox-driver-3.9.1.jar;C:\Users\jahopper\.m2\repository\org\seleniumhq\selenium\selenium-ie-driver\3.9.1\selenium-ie-driver-3.9.1.jar;C:\Users\jahopper\.m2\repository\org\seleniumhq\selenium\selenium-safari-driver\3.9.1\selenium-safari-driver-3.9.1.jar;C:\Users\jahopper\.m2\repository\org\webbitserver\webbit\0.4.14\webbit-0.4.14.jar;C:\Users\jahopper\.m2\repository\io\netty\netty\3.5.2.Final\netty-3.5.2.Final.jar;C:\Users\jahopper\.m2\repository\org\seleniumhq\selenium\selenium-leg-rc\2.45.0\selenium-leg-rc-2.45.0.jar;C:\Users\jahopper\.m2\repository\org\fluentlenium\fluentlenium-assertj\0.10.3\fluentlenium-assertj-0.10.3.jar;C:\Users\jahopper\.m2\repository\org\fluentlenium\fluentlenium-core\0.10.3\fluentlenium-core-0.10.3.jar;C:\Users\jahopper\.m2\repository\org\assertj\assertj-core\1.7.0\assertj-core-1.7.0.jar;C:\Users\jahopper\.m2\repository\org\springframework\spring-test\5.1.9.RELEASE\spring-test-5.1.9.RELEASE.jar;"/>
    <property name="sun.cpu.endian" value="little"/>
    <property name="user.home" value="C:\Users\jahopper"/>
    <property name="user.language" value="en"/>
    <property name="java.specification.vendor" value="Oracle Corporation"/>
    <property name="java.version.date" value="2019-07-16"/>
    <property name="java.home" value="C:\Program Files\JetBrains\IntelliJ IDEA Community Edition 2019.2.3\jbr"/>
    <property name="file.separator" value="\"/>
    <property name="basedir" value="C:\Users\jahopper\Documents\ud282-master\udacity-chatroom-java-master"/>
    <property name="java.vm.compressedOopsMode" value="32-bit"/>
    <property name="line.separator" value="&#10;"/>
    <property name="idea.version2019.2.4" value="true"/>
    <property name="java.specification.name" value="Java Platform API Specification"/>
    <property name="java.vm.specification.vendor" value="Oracle Corporation"/>
    <property name="java.awt.graphicsenv" value="sun.awt.Win32GraphicsEnvironment"/>
    <property name="surefire.real.class.path" value="C:\Users\jahopper\AppData\Local\Temp\surefire7268781653886562193\surefirebooter8170317338602136874.jar"/>
    <property name="user.script" value=""/>
    <property name="sun.management.compiler" value="HotSpot 64-Bit Tiered Compilers"/>
    <property name="java.runtime.version" value="11.0.4+10-b304.77"/>
    <property name="user.name" value="jahopper"/>
    <property name="path.separator" value=";"/>
    <property name="os.version" value="10.0"/>
    <property name="java.runtime.name" value="OpenJDK Runtime Environment"/>
    <property name="file.encoding" value="Cp1252"/>
    <property name="java.vm.name" value="OpenJDK 64-Bit Server VM"/>
    <property name="localRepository" value="C:\Users\jahopper\.m2\repository"/>
    <property name="java.vendor.url.bug" value="https://youtrack.jetbrains.com"/>
    <property name="java.io.tmpdir" value="C:\Users\jahopper\AppData\Local\Temp\"/>
    <property name="java.version" value="11.0.4"/>
    <property name="user.dir" value="C:\Users\jahopper\Documents\ud282-master\udacity-chatroom-java-master"/>
    <property name="os.arch" value="amd64"/>
    <property name="java.vm.specification.name" value="Java Virtual Machine Specification"/>
    <property name="java.awt.printerjob" value="sun.awt.windows.WPrinterJob"/>
    <property name="sun.os.patch.level" value=""/>
    <property name="java.library.path" value="C:\Program Files\JetBrains\IntelliJ IDEA Community Edition 2019.2.3\jbr\bin;C:\WINDOWS\Sun\Java\bin;C:\WINDOWS\system32;C:\WINDOWS;C:\WINDOWS\system32;C:\WINDOWS;C:\WINDOWS\System32\Wbem;C:\Program Files (x86)\Common Files\Oracle\Java\javapath;C:\WINDOWS\system32;C:\WINDOWS;C:\WINDOWS\System32\Wbem;C:\Program Files (x86)\Intel\Intel(R) Management Engine Components\iCLS\;C:\Program Files\Intel\Intel(R) Management Engine Components\iCLS\;C:\WINDOWS\System32\WindowsPowerShell\v1.0\;C:\WINDOWS\System32\OpenSSH\;C:\Program Files (x86)\Intel\Intel(R) Management Engine Components\DAL;C:\Program Files\Intel\Intel(R) Management Engine Components\DAL;C:\Program Files (x86)\Intel\Intel(R) Management Engine Components\IPT;C:\Program Files\Intel\Intel(R) Management Engine Components\IPT;C:\Users\jahopper\AppData\Local\Microsoft\WindowsApps;C:\Program Files (x86)\Java\jre1.8.0_211\bin;C:\Program Files (x86)\apache-maven-3.6.2\bin;C:\Program Files\JetBrains\IntelliJ IDEA Community Edition 2019.2.3\plugins\android\lib\jdk11;C:\Users\jahopper\AppData\Local\Microsoft\WindowsApps;C:\Users\jahopper\AppData\Local\Programs\Git\cmd;."/>
    <property name="java.vendor" value="JetBrains s.r.o"/>
    <property name="java.vm.info" value="mixed mode"/>
    <property name="java.vm.version" value="11.0.4+10-b304.77"/>
    <property name="sun.io.unicode.encoding" value="UnicodeLittle"/>
    <property name="java.class.version" value="55.0"/>
  </properties>
  <testcase name="chatRoomLoginPage" classname="edu.udacity.java.nano.test.WebSocketChatServerTest" time="6.401"/>
  <testcase name="chatRoomSendMessage" classname="edu.udacity.java.nano.test.WebSocketChatServerTest" time="7.026"/>
  <testcase name="chatRoomExit" classname="edu.udacity.java.nano.test.WebSocketChatServerTest" time="5.092"/>
  <testcase name="chatRoomJoinedPage" classname="edu.udacity.java.nano.test.WebSocketChatServerTest" time="8.529"/>
</testsuite>